#! /c/Source/iverilog-install/bin/vvp
:ivl_version "12.0 (devel)" "(s20150603-1110-g18392a46)";
:ivl_delay_selection "TYPICAL";
:vpi_time_precision + 0;
:vpi_module "C:\iverilog\lib\ivl\system.vpi";
:vpi_module "C:\iverilog\lib\ivl\vhdl_sys.vpi";
:vpi_module "C:\iverilog\lib\ivl\vhdl_textio.vpi";
:vpi_module "C:\iverilog\lib\ivl\v2005_math.vpi";
:vpi_module "C:\iverilog\lib\ivl\va_math.vpi";
S_000002985ff56710 .scope module, "FF_latch_tb" "FF_latch_tb" 2 20;
 .timescale 0 0;
v000002985ff5c280_0 .var "clk", 0 0;
v000002985ff5c320_0 .net "data_ff", 3 0, v000002985ff56ad0_0;  1 drivers
v000002985ff5c3c0_0 .net "data_latch", 3 0, v000002985ff56b70_0;  1 drivers
v000002985ffa39e0_0 .var "in", 3 0;
S_000002985ff568a0 .scope module, "uut" "FF_latch" 2 28, 2 1 0, S_000002985ff56710;
 .timescale 0 0;
    .port_info 0 /INPUT 1 "clk";
    .port_info 1 /INPUT 4 "in";
    .port_info 2 /OUTPUT 4 "data_latch";
    .port_info 3 /OUTPUT 4 "data_ff";
v000002985ff56a30_0 .net "clk", 0 0, v000002985ff5c280_0;  1 drivers
v000002985ff56ad0_0 .var "data_ff", 3 0;
v000002985ff56b70_0 .var "data_latch", 3 0;
v000002985ff5c1e0_0 .net "in", 3 0, v000002985ffa39e0_0;  1 drivers
E_000002985ff5d280 .event posedge, v000002985ff56a30_0;
E_000002985ff5c880 .event anyedge, v000002985ff56a30_0, v000002985ff5c1e0_0;
    .scope S_000002985ff568a0;
T_0 ;
    %pushi/vec4 0, 0, 4;
    %store/vec4 v000002985ff56b70_0, 0, 4;
    %pushi/vec4 0, 0, 4;
    %store/vec4 v000002985ff56ad0_0, 0, 4;
    %end;
    .thread T_0;
    .scope S_000002985ff568a0;
T_1 ;
    %wait E_000002985ff5c880;
    %load/vec4 v000002985ff56a30_0;
    %flag_set/vec4 8;
    %jmp/0xz  T_1.0, 8;
    %load/vec4 v000002985ff5c1e0_0;
    %assign/vec4 v000002985ff56b70_0, 0;
T_1.0 ;
    %jmp T_1;
    .thread T_1, $push;
    .scope S_000002985ff568a0;
T_2 ;
    %wait E_000002985ff5d280;
    %load/vec4 v000002985ff5c1e0_0;
    %assign/vec4 v000002985ff56ad0_0, 0;
    %jmp T_2;
    .thread T_2;
    .scope S_000002985ff56710;
T_3 ;
    %pushi/vec4 0, 0, 1;
    %store/vec4 v000002985ff5c280_0, 0, 1;
    %pushi/vec4 0, 0, 4;
    %store/vec4 v000002985ffa39e0_0, 0, 4;
    %end;
    .thread T_3;
    .scope S_000002985ff56710;
T_4 ;
    %delay 10, 0;
    %pushi/vec4 9, 0, 4;
    %store/vec4 v000002985ffa39e0_0, 0, 4;
    %delay 8, 0;
    %pushi/vec4 7, 0, 4;
    %store/vec4 v000002985ffa39e0_0, 0, 4;
    %delay 20, 0;
    %pushi/vec4 9, 0, 4;
    %store/vec4 v000002985ffa39e0_0, 0, 4;
    %delay 10, 0;
    %pushi/vec4 0, 0, 4;
    %store/vec4 v000002985ffa39e0_0, 0, 4;
    %end;
    .thread T_4;
    .scope S_000002985ff56710;
T_5 ;
T_5.0 ;
    %delay 5, 0;
    %load/vec4 v000002985ff5c280_0;
    %inv;
    %store/vec4 v000002985ff5c280_0, 0, 1;
    %jmp T_5.0;
    %end;
    .thread T_5;
    .scope S_000002985ff56710;
T_6 ;
    %delay 200, 0;
    %vpi_call 2 43 "$finish" {0 0 0};
    %end;
    .thread T_6;
    .scope S_000002985ff56710;
T_7 ;
    %vpi_call 2 45 "$dumpfile", "FF_latch.vcd" {0 0 0};
    %vpi_call 2 46 "$dumpvars", 32'sb00000000000000000000000000000000, S_000002985ff56710 {0 0 0};
    %end;
    .thread T_7;
# The file index is used to find the file name in the following table.
:file_names 3;
    "N/A";
    "<interactive>";
    "FF_latch.v";
