#! /c/Source/iverilog-install/bin/vvp
:ivl_version "12.0 (devel)" "(s20150603-1110-g18392a46)";
:ivl_delay_selection "TYPICAL";
:vpi_time_precision + 0;
:vpi_module "C:\iverilog\lib\ivl\system.vpi";
:vpi_module "C:\iverilog\lib\ivl\vhdl_sys.vpi";
:vpi_module "C:\iverilog\lib\ivl\vhdl_textio.vpi";
:vpi_module "C:\iverilog\lib\ivl\v2005_math.vpi";
:vpi_module "C:\iverilog\lib\ivl\va_math.vpi";
S_000001b2534bc7f0 .scope module, "counter_tb" "counter_tb" 2 15;
 .timescale 0 0;
v000001b2533c0990_0 .var "clk", 0 0;
v000001b2533c0a30_0 .net "count", 3 0, v000001b2534b6d10_0;  1 drivers
v000001b2533c0ad0_0 .var "en", 0 0;
v000001b2533c0b70_0 .net "ring_counter", 3 0, v000001b2533c0850_0;  1 drivers
v000001b2533c0c10_0 .var "rst", 0 0;
S_000001b2534bc980 .scope module, "uut" "counter" 2 19, 2 1 0, S_000001b2534bc7f0;
 .timescale 0 0;
    .port_info 0 /INPUT 1 "clk";
    .port_info 1 /INPUT 1 "en";
    .port_info 2 /INPUT 1 "rst";
    .port_info 3 /OUTPUT 4 "count";
    .port_info 4 /OUTPUT 4 "ring_counter";
v000001b2534bcb10_0 .net "clk", 0 0, v000001b2533c0990_0;  1 drivers
v000001b2534b6d10_0 .var "count", 3 0;
v000001b2534bcbb0_0 .net "en", 0 0, v000001b2533c0ad0_0;  1 drivers
v000001b2533c0850_0 .var "ring_counter", 3 0;
v000001b2533c08f0_0 .net "rst", 0 0, v000001b2533c0c10_0;  1 drivers
E_000001b2534bb050 .event posedge, v000001b2534bcb10_0;
    .scope S_000001b2534bc980;
T_0 ;
    %pushi/vec4 0, 0, 4;
    %store/vec4 v000001b2534b6d10_0, 0, 4;
    %pushi/vec4 8, 0, 4;
    %store/vec4 v000001b2533c0850_0, 0, 4;
    %end;
    .thread T_0;
    .scope S_000001b2534bc980;
T_1 ;
    %wait E_000001b2534bb050;
    %load/vec4 v000001b2533c08f0_0;
    %flag_set/vec4 8;
    %jmp/0xz  T_1.0, 8;
    %pushi/vec4 0, 0, 4;
    %assign/vec4 v000001b2534b6d10_0, 0;
    %pushi/vec4 8, 0, 4;
    %assign/vec4 v000001b2533c0850_0, 0;
    %jmp T_1.1;
T_1.0 ;
    %load/vec4 v000001b2534bcbb0_0;
    %flag_set/vec4 8;
    %jmp/0xz  T_1.2, 8;
    %load/vec4 v000001b2534b6d10_0;
    %addi 1, 0, 4;
    %assign/vec4 v000001b2534b6d10_0, 0;
    %load/vec4 v000001b2533c0850_0;
    %parti/s 1, 0, 2;
    %load/vec4 v000001b2533c0850_0;
    %parti/s 3, 1, 2;
    %concat/vec4; draw_concat_vec4
    %assign/vec4 v000001b2533c0850_0, 0;
T_1.2 ;
T_1.1 ;
    %jmp T_1;
    .thread T_1;
    .scope S_000001b2534bc7f0;
T_2 ;
    %pushi/vec4 0, 0, 1;
    %store/vec4 v000001b2533c0990_0, 0, 1;
    %pushi/vec4 0, 0, 1;
    %store/vec4 v000001b2533c0ad0_0, 0, 1;
    %pushi/vec4 0, 0, 1;
    %store/vec4 v000001b2533c0c10_0, 0, 1;
    %end;
    .thread T_2;
    .scope S_000001b2534bc7f0;
T_3 ;
    %delay 10, 0;
    %pushi/vec4 1, 0, 1;
    %store/vec4 v000001b2533c0c10_0, 0, 1;
    %delay 10, 0;
    %pushi/vec4 0, 0, 1;
    %store/vec4 v000001b2533c0c10_0, 0, 1;
    %pushi/vec4 1, 0, 1;
    %store/vec4 v000001b2533c0ad0_0, 0, 1;
    %delay 80, 0;
    %pushi/vec4 1, 0, 1;
    %store/vec4 v000001b2533c0c10_0, 0, 1;
    %end;
    .thread T_3;
    .scope S_000001b2534bc7f0;
T_4 ;
T_4.0 ;
    %delay 5, 0;
    %load/vec4 v000001b2533c0990_0;
    %inv;
    %store/vec4 v000001b2533c0990_0, 0, 1;
    %jmp T_4.0;
    %end;
    .thread T_4;
    .scope S_000001b2534bc7f0;
T_5 ;
    %delay 200, 0;
    %vpi_call 2 34 "$finish" {0 0 0};
    %end;
    .thread T_5;
    .scope S_000001b2534bc7f0;
T_6 ;
    %vpi_call 2 36 "$dumpfile", "couter.vcd" {0 0 0};
    %vpi_call 2 37 "$dumpvars", 32'sb00000000000000000000000000000000, S_000001b2534bc7f0 {0 0 0};
    %end;
    .thread T_6;
# The file index is used to find the file name in the following table.
:file_names 3;
    "N/A";
    "<interactive>";
    "counter.v";
