#! /c/Source/iverilog-install/bin/vvp
:ivl_version "12.0 (devel)" "(s20150603-1110-g18392a46)";
:ivl_delay_selection "TYPICAL";
:vpi_time_precision + 0;
:vpi_module "C:\iverilog\lib\ivl\system.vpi";
:vpi_module "C:\iverilog\lib\ivl\vhdl_sys.vpi";
:vpi_module "C:\iverilog\lib\ivl\vhdl_textio.vpi";
:vpi_module "C:\iverilog\lib\ivl\v2005_math.vpi";
:vpi_module "C:\iverilog\lib\ivl\va_math.vpi";
S_0000026b65608150 .scope module, "tb" "tb" 2 16;
 .timescale 0 0;
v0000026b6565fd10_0 .var "in", 7 0;
v0000026b6565fef0_0 .net "out", 7 0, L_0000026b65556de0;  1 drivers
v0000026b656605d0_0 .var "shft", 2 0;
S_0000026b6555cff0 .scope module, "uut" "Barrel_Shifter" 2 21, 2 1 0, S_0000026b65608150;
 .timescale 0 0;
    .port_info 0 /INPUT 8 "in";
    .port_info 1 /INPUT 3 "shft";
    .port_info 2 /OUTPUT 8 "out";
L_0000026b65556de0 .functor BUFZ 8, L_0000026b656a90f0, C4<00000000>, C4<00000000>, C4<00000000>;
v0000026b656082e0_0 .net *"_ivl_1", 0 0, L_0000026b6565ff90;  1 drivers
v0000026b65660210_0 .net *"_ivl_11", 0 0, L_0000026b65660670;  1 drivers
v0000026b656607b0_0 .net *"_ivl_13", 5 0, L_0000026b656a8e70;  1 drivers
L_0000026b656608c0 .functor BUFT 1, C4<00>, C4<0>, C4<0>, C4<0>;
v0000026b6565fdb0_0 .net/2u *"_ivl_14", 1 0, L_0000026b656608c0;  1 drivers
v0000026b65660710_0 .net *"_ivl_16", 7 0, L_0000026b656aa090;  1 drivers
v0000026b6565fa90_0 .net *"_ivl_21", 0 0, L_0000026b656a9870;  1 drivers
v0000026b65660170_0 .net *"_ivl_23", 6 0, L_0000026b656aa310;  1 drivers
L_0000026b65660908 .functor BUFT 1, C4<0>, C4<0>, C4<0>, C4<0>;
v0000026b6565f950_0 .net/2u *"_ivl_24", 0 0, L_0000026b65660908;  1 drivers
v0000026b6565fbd0_0 .net *"_ivl_26", 7 0, L_0000026b656aa770;  1 drivers
v0000026b65660030_0 .net *"_ivl_3", 3 0, L_0000026b65660350;  1 drivers
L_0000026b65660878 .functor BUFT 1, C4<0000>, C4<0>, C4<0>, C4<0>;
v0000026b6565f8b0_0 .net/2u *"_ivl_4", 3 0, L_0000026b65660878;  1 drivers
v0000026b6565f9f0_0 .net *"_ivl_6", 7 0, L_0000026b656600d0;  1 drivers
v0000026b6565fb30_0 .net "in", 7 0, v0000026b6565fd10_0;  1 drivers
v0000026b656602b0_0 .net "in1", 7 0, L_0000026b656603f0;  1 drivers
v0000026b6565fc70_0 .net "in2", 7 0, L_0000026b656a9230;  1 drivers
v0000026b65660490_0 .net "in3", 7 0, L_0000026b656a90f0;  1 drivers
v0000026b6565fe50_0 .net "out", 7 0, L_0000026b65556de0;  alias, 1 drivers
v0000026b65660530_0 .net "shft", 2 0, v0000026b656605d0_0;  1 drivers
L_0000026b6565ff90 .part v0000026b656605d0_0, 2, 1;
L_0000026b65660350 .part v0000026b6565fd10_0, 0, 4;
L_0000026b656600d0 .concat [ 4 4 0 0], L_0000026b65660878, L_0000026b65660350;
L_0000026b656603f0 .functor MUXZ 8, v0000026b6565fd10_0, L_0000026b656600d0, L_0000026b6565ff90, C4<>;
L_0000026b65660670 .part v0000026b656605d0_0, 1, 1;
L_0000026b656a8e70 .part L_0000026b656603f0, 0, 6;
L_0000026b656aa090 .concat [ 2 6 0 0], L_0000026b656608c0, L_0000026b656a8e70;
L_0000026b656a9230 .functor MUXZ 8, L_0000026b656603f0, L_0000026b656aa090, L_0000026b65660670, C4<>;
L_0000026b656a9870 .part v0000026b656605d0_0, 0, 1;
L_0000026b656aa310 .part L_0000026b656a9230, 0, 7;
L_0000026b656aa770 .concat [ 1 7 0 0], L_0000026b65660908, L_0000026b656aa310;
L_0000026b656a90f0 .functor MUXZ 8, L_0000026b656a9230, L_0000026b656aa770, L_0000026b656a9870, C4<>;
    .scope S_0000026b65608150;
T_0 ;
    %pushi/vec4 153, 0, 8;
    %store/vec4 v0000026b6565fd10_0, 0, 8;
    %pushi/vec4 4, 0, 3;
    %store/vec4 v0000026b656605d0_0, 0, 3;
    %end;
    .thread T_0;
    .scope S_0000026b65608150;
T_1 ;
    %vpi_call 2 24 "$dumpfile", "Barrel_Shifter.vcd" {0 0 0};
    %vpi_call 2 25 "$dumpvars", 32'sb00000000000000000000000000000000, S_0000026b65608150 {0 0 0};
    %end;
    .thread T_1;
# The file index is used to find the file name in the following table.
:file_names 3;
    "N/A";
    "<interactive>";
    "Barrel_Shifter.v";
