#! /c/Source/iverilog-install/bin/vvp
:ivl_version "12.0 (devel)" "(s20150603-1110-g18392a46)";
:ivl_delay_selection "TYPICAL";
:vpi_time_precision + 0;
:vpi_module "C:\iverilog\lib\ivl\system.vpi";
:vpi_module "C:\iverilog\lib\ivl\vhdl_sys.vpi";
:vpi_module "C:\iverilog\lib\ivl\vhdl_textio.vpi";
:vpi_module "C:\iverilog\lib\ivl\v2005_math.vpi";
:vpi_module "C:\iverilog\lib\ivl\va_math.vpi";
S_0000022bb8a2bb70 .scope module, "tb" "tb" 2 48;
 .timescale 0 0;
v0000022bb8ac6810_0 .var "clk", 0 0;
v0000022bb8ac6ef0_0 .var "in", 0 0;
v0000022bb8ac64f0_0 .net "out", 0 0, L_0000022bb8ac68b0;  1 drivers
v0000022bb8ac6310_0 .var "rst", 0 0;
S_0000022bb8a2bd00 .scope module, "uut" "moore_1011_detector" 2 52, 2 1 0, S_0000022bb8a2bb70;
 .timescale 0 0;
    .port_info 0 /INPUT 1 "clk";
    .port_info 1 /INPUT 1 "rst";
    .port_info 2 /INPUT 1 "in";
    .port_info 3 /OUTPUT 1 "out";
P_0000022bb8a694d0 .param/l "s0" 0 2 5, C4<000>;
P_0000022bb8a69508 .param/l "s1" 0 2 6, C4<001>;
P_0000022bb8a69540 .param/l "s10" 0 2 7, C4<010>;
P_0000022bb8a69578 .param/l "s101" 0 2 8, C4<011>;
P_0000022bb8a695b0 .param/l "s1011" 0 2 9, C4<101>;
L_0000022bb8ac7058 .functor BUFT 1, C4<101>, C4<0>, C4<0>, C4<0>;
v0000022bb8a272a0_0 .net/2u *"_ivl_0", 2 0, L_0000022bb8ac7058;  1 drivers
v0000022bb8a78bf0_0 .net *"_ivl_2", 0 0, L_0000022bb8ac6f90;  1 drivers
L_0000022bb8ac70a0 .functor BUFT 1, C4<01>, C4<0>, C4<0>, C4<0>;
v0000022bb8a2be90_0 .net/2s *"_ivl_4", 1 0, L_0000022bb8ac70a0;  1 drivers
L_0000022bb8ac70e8 .functor BUFT 1, C4<00>, C4<0>, C4<0>, C4<0>;
v0000022bb8a2bf30_0 .net/2s *"_ivl_6", 1 0, L_0000022bb8ac70e8;  1 drivers
v0000022bb8a26930_0 .net *"_ivl_8", 1 0, L_0000022bb8ac6b30;  1 drivers
v0000022bb8a269d0_0 .net "clk", 0 0, v0000022bb8ac6810_0;  1 drivers
v0000022bb8a26a70_0 .var "curr_state", 2 0;
v0000022bb8a26b10_0 .net "in", 0 0, v0000022bb8ac6ef0_0;  1 drivers
v0000022bb8ac63b0_0 .var "next_state", 2 0;
v0000022bb8ac6270_0 .net "out", 0 0, L_0000022bb8ac68b0;  alias, 1 drivers
v0000022bb8ac66d0_0 .net "rst", 0 0, v0000022bb8ac6310_0;  1 drivers
E_0000022bb8a2a370 .event anyedge, v0000022bb8a26a70_0, v0000022bb8a26b10_0;
E_0000022bb8a29ab0 .event posedge, v0000022bb8ac66d0_0, v0000022bb8a269d0_0;
L_0000022bb8ac6f90 .cmp/eq 3, v0000022bb8a26a70_0, L_0000022bb8ac7058;
L_0000022bb8ac6b30 .functor MUXZ 2, L_0000022bb8ac70e8, L_0000022bb8ac70a0, L_0000022bb8ac6f90, C4<>;
L_0000022bb8ac68b0 .part L_0000022bb8ac6b30, 0, 1;
    .scope S_0000022bb8a2bd00;
T_0 ;
    %wait E_0000022bb8a29ab0;
    %load/vec4 v0000022bb8ac66d0_0;
    %flag_set/vec4 8;
    %jmp/0xz  T_0.0, 8;
    %pushi/vec4 0, 0, 3;
    %assign/vec4 v0000022bb8a26a70_0, 0;
    %jmp T_0.1;
T_0.0 ;
    %load/vec4 v0000022bb8ac63b0_0;
    %assign/vec4 v0000022bb8a26a70_0, 0;
T_0.1 ;
    %jmp T_0;
    .thread T_0;
    .scope S_0000022bb8a2bd00;
T_1 ;
    %wait E_0000022bb8a2a370;
    %load/vec4 v0000022bb8a26a70_0;
    %dup/vec4;
    %pushi/vec4 0, 0, 3;
    %cmp/u;
    %jmp/1 T_1.0, 6;
    %dup/vec4;
    %pushi/vec4 1, 0, 3;
    %cmp/u;
    %jmp/1 T_1.1, 6;
    %dup/vec4;
    %pushi/vec4 2, 0, 3;
    %cmp/u;
    %jmp/1 T_1.2, 6;
    %dup/vec4;
    %pushi/vec4 3, 0, 3;
    %cmp/u;
    %jmp/1 T_1.3, 6;
    %dup/vec4;
    %pushi/vec4 5, 0, 3;
    %cmp/u;
    %jmp/1 T_1.4, 6;
    %pushi/vec4 0, 0, 3;
    %assign/vec4 v0000022bb8ac63b0_0, 0;
    %jmp T_1.6;
T_1.0 ;
    %load/vec4 v0000022bb8a26b10_0;
    %flag_set/vec4 8;
    %jmp/0xz  T_1.7, 8;
    %pushi/vec4 1, 0, 3;
    %assign/vec4 v0000022bb8ac63b0_0, 0;
    %jmp T_1.8;
T_1.7 ;
    %pushi/vec4 0, 0, 3;
    %assign/vec4 v0000022bb8ac63b0_0, 0;
T_1.8 ;
    %jmp T_1.6;
T_1.1 ;
    %load/vec4 v0000022bb8a26b10_0;
    %flag_set/vec4 8;
    %jmp/0xz  T_1.9, 8;
    %pushi/vec4 1, 0, 3;
    %assign/vec4 v0000022bb8ac63b0_0, 0;
    %jmp T_1.10;
T_1.9 ;
    %pushi/vec4 2, 0, 3;
    %assign/vec4 v0000022bb8ac63b0_0, 0;
T_1.10 ;
    %jmp T_1.6;
T_1.2 ;
    %load/vec4 v0000022bb8a26b10_0;
    %flag_set/vec4 8;
    %jmp/0xz  T_1.11, 8;
    %pushi/vec4 3, 0, 3;
    %assign/vec4 v0000022bb8ac63b0_0, 0;
    %jmp T_1.12;
T_1.11 ;
    %pushi/vec4 0, 0, 3;
    %assign/vec4 v0000022bb8ac63b0_0, 0;
T_1.12 ;
    %jmp T_1.6;
T_1.3 ;
    %load/vec4 v0000022bb8a26b10_0;
    %flag_set/vec4 8;
    %jmp/0xz  T_1.13, 8;
    %pushi/vec4 5, 0, 3;
    %assign/vec4 v0000022bb8ac63b0_0, 0;
    %jmp T_1.14;
T_1.13 ;
    %pushi/vec4 2, 0, 3;
    %assign/vec4 v0000022bb8ac63b0_0, 0;
T_1.14 ;
    %jmp T_1.6;
T_1.4 ;
    %load/vec4 v0000022bb8a26b10_0;
    %flag_set/vec4 8;
    %jmp/0xz  T_1.15, 8;
    %pushi/vec4 1, 0, 3;
    %assign/vec4 v0000022bb8ac63b0_0, 0;
    %jmp T_1.16;
T_1.15 ;
    %pushi/vec4 2, 0, 3;
    %assign/vec4 v0000022bb8ac63b0_0, 0;
T_1.16 ;
    %jmp T_1.6;
T_1.6 ;
    %pop/vec4 1;
    %jmp T_1;
    .thread T_1, $push;
    .scope S_0000022bb8a2bb70;
T_2 ;
    %pushi/vec4 1, 0, 1;
    %store/vec4 v0000022bb8ac6810_0, 0, 1;
    %pushi/vec4 0, 0, 1;
    %store/vec4 v0000022bb8ac6ef0_0, 0, 1;
    %pushi/vec4 1, 0, 1;
    %store/vec4 v0000022bb8ac6310_0, 0, 1;
    %end;
    .thread T_2;
    .scope S_0000022bb8a2bb70;
T_3 ;
    %pushi/vec4 0, 0, 1;
    %store/vec4 v0000022bb8ac6ef0_0, 0, 1;
    %delay 10, 0;
    %pushi/vec4 0, 0, 1;
    %store/vec4 v0000022bb8ac6310_0, 0, 1;
    %pushi/vec4 0, 0, 1;
    %store/vec4 v0000022bb8ac6ef0_0, 0, 1;
    %delay 10, 0;
    %pushi/vec4 1, 0, 1;
    %store/vec4 v0000022bb8ac6ef0_0, 0, 1;
    %delay 10, 0;
    %pushi/vec4 0, 0, 1;
    %store/vec4 v0000022bb8ac6ef0_0, 0, 1;
    %delay 10, 0;
    %pushi/vec4 1, 0, 1;
    %store/vec4 v0000022bb8ac6ef0_0, 0, 1;
    %delay 10, 0;
    %pushi/vec4 0, 0, 1;
    %store/vec4 v0000022bb8ac6ef0_0, 0, 1;
    %delay 10, 0;
    %pushi/vec4 1, 0, 1;
    %store/vec4 v0000022bb8ac6ef0_0, 0, 1;
    %delay 10, 0;
    %pushi/vec4 1, 0, 1;
    %store/vec4 v0000022bb8ac6ef0_0, 0, 1;
    %delay 10, 0;
    %pushi/vec4 0, 0, 1;
    %store/vec4 v0000022bb8ac6ef0_0, 0, 1;
    %end;
    .thread T_3;
    .scope S_0000022bb8a2bb70;
T_4 ;
T_4.0 ;
    %delay 5, 0;
    %load/vec4 v0000022bb8ac6810_0;
    %inv;
    %store/vec4 v0000022bb8ac6810_0, 0, 1;
    %jmp T_4.0;
    %end;
    .thread T_4;
    .scope S_0000022bb8a2bb70;
T_5 ;
    %delay 200, 0;
    %vpi_call 2 76 "$finish" {0 0 0};
    %end;
    .thread T_5;
    .scope S_0000022bb8a2bb70;
T_6 ;
    %vpi_call 2 78 "$dumpfile", "moore_1011_detector.vcd" {0 0 0};
    %vpi_call 2 79 "$dumpvars", 32'sb00000000000000000000000000000000, S_0000022bb8a2bb70 {0 0 0};
    %end;
    .thread T_6;
# The file index is used to find the file name in the following table.
:file_names 3;
    "N/A";
    "<interactive>";
    "moore_1011_detector.v";
