#! /c/Source/iverilog-install/bin/vvp
:ivl_version "12.0 (devel)" "(s20150603-1110-g18392a46)";
:ivl_delay_selection "TYPICAL";
:vpi_time_precision + 0;
:vpi_module "C:\iverilog\lib\ivl\system.vpi";
:vpi_module "C:\iverilog\lib\ivl\vhdl_sys.vpi";
:vpi_module "C:\iverilog\lib\ivl\vhdl_textio.vpi";
:vpi_module "C:\iverilog\lib\ivl\v2005_math.vpi";
:vpi_module "C:\iverilog\lib\ivl\va_math.vpi";
S_00000274d379bb80 .scope module, "tb" "tb" 2 32;
 .timescale 0 0;
v00000274d37e4bb0_0 .var "in", 3 0;
v00000274d37e4c50_0 .net "out", 2 0, L_00000274d37e4cf0;  1 drivers
S_00000274d379d800 .scope module, "uut" "count_ones" 2 36, 2 1 0, S_00000274d379bb80;
 .timescale 0 0;
    .port_info 0 /INPUT 4 "in";
    .port_info 1 /OUTPUT 3 "out";
P_00000274d379cab0 .param/l "W" 0 2 1, +C4<00000000000000000000000000000100>;
v00000274d379bf20_0 .var "countones", 3 0;
v00000274d37b2e10_0 .var/i "i", 31 0;
v00000274d37e4a70_0 .net "in", 3 0, v00000274d37e4bb0_0;  1 drivers
v00000274d37e4b10_0 .net "out", 2 0, L_00000274d37e4cf0;  alias, 1 drivers
E_00000274d379c8b0 .event anyedge, v00000274d379bf20_0, v00000274d37e4a70_0;
L_00000274d37e4cf0 .part v00000274d379bf20_0, 0, 3;
    .scope S_00000274d379d800;
T_0 ;
    %wait E_00000274d379c8b0;
    %pushi/vec4 0, 0, 4;
    %store/vec4 v00000274d379bf20_0, 0, 4;
    %pushi/vec4 0, 0, 32;
    %store/vec4 v00000274d37b2e10_0, 0, 32;
T_0.0 ;
    %load/vec4 v00000274d37b2e10_0;
    %cmpi/s 4, 0, 32;
    %jmp/0xz T_0.1, 5;
    %load/vec4 v00000274d379bf20_0;
    %load/vec4 v00000274d37e4a70_0;
    %load/vec4 v00000274d37b2e10_0;
    %part/s 1;
    %pad/u 4;
    %add;
    %store/vec4 v00000274d379bf20_0, 0, 4;
    %load/vec4 v00000274d37b2e10_0;
    %addi 1, 0, 32;
    %store/vec4 v00000274d37b2e10_0, 0, 32;
    %jmp T_0.0;
T_0.1 ;
    %jmp T_0;
    .thread T_0, $push;
    .scope S_00000274d379bb80;
T_1 ;
    %pushi/vec4 15, 0, 4;
    %store/vec4 v00000274d37e4bb0_0, 0, 4;
    %end;
    .thread T_1;
    .scope S_00000274d379bb80;
T_2 ;
    %vpi_call 2 39 "$dumpfile", "count_ones.vcd" {0 0 0};
    %vpi_call 2 40 "$dumpvars", 32'sb00000000000000000000000000000000, S_00000274d379bb80 {0 0 0};
    %end;
    .thread T_2;
# The file index is used to find the file name in the following table.
:file_names 3;
    "N/A";
    "<interactive>";
    "count_ones.v";
