#! /c/Source/iverilog-install/bin/vvp
:ivl_version "12.0 (devel)" "(s20150603-1110-g18392a46)";
:ivl_delay_selection "TYPICAL";
:vpi_time_precision + 0;
:vpi_module "C:\iverilog\lib\ivl\system.vpi";
:vpi_module "C:\iverilog\lib\ivl\vhdl_sys.vpi";
:vpi_module "C:\iverilog\lib\ivl\vhdl_textio.vpi";
:vpi_module "C:\iverilog\lib\ivl\v2005_math.vpi";
:vpi_module "C:\iverilog\lib\ivl\va_math.vpi";
S_000002a99b6fb940 .scope module, "tb" "tb" 2 39;
 .timescale 0 0;
v000002a99b6231c0_0 .var "clk", 0 0;
v000002a99b623260_0 .var "in", 0 0;
v000002a99b623e90_0 .net "out", 0 0, L_000002a99b62b460;  1 drivers
v000002a99b623df0_0 .var "rst", 0 0;
S_000002a99b6fe680 .scope module, "uut" "is_mod3" 2 68, 2 1 0, S_000002a99b6fb940;
 .timescale 0 0;
    .port_info 0 /INPUT 1 "rst";
    .port_info 1 /INPUT 1 "clk";
    .port_info 2 /INPUT 1 "in";
    .port_info 3 /OUTPUT 1 "out";
P_000002a99b5f3360 .param/l "s0" 0 2 6, C4<00>;
P_000002a99b5f3398 .param/l "s1" 0 2 7, C4<01>;
P_000002a99b5f33d0 .param/l "s2" 0 2 8, C4<10>;
L_000002a99b62b460 .functor AND 1, L_000002a99b6235d0, L_000002a99b623b70, C4<1>, C4<1>;
L_000002a99b675868 .functor BUFT 1, C4<00>, C4<0>, C4<0>, C4<0>;
v000002a99b6fe810_0 .net/2u *"_ivl_0", 1 0, L_000002a99b675868;  1 drivers
v000002a99b5f2e10_0 .net *"_ivl_2", 0 0, L_000002a99b6235d0;  1 drivers
v000002a99b6fe8b0_0 .net *"_ivl_5", 0 0, L_000002a99b623b70;  1 drivers
v000002a99b6fe950_0 .net "clk", 0 0, v000002a99b6231c0_0;  1 drivers
v000002a99b6fe9f0_0 .var "curr_state", 1 0;
v000002a99b6fea90_0 .net "in", 0 0, v000002a99b623260_0;  1 drivers
v000002a99b622fe0_0 .var "next_state", 1 0;
v000002a99b623080_0 .net "out", 0 0, L_000002a99b62b460;  alias, 1 drivers
v000002a99b623120_0 .net "rst", 0 0, v000002a99b623df0_0;  1 drivers
E_000002a99b615090 .event anyedge, v000002a99b6fea90_0, v000002a99b6fe9f0_0;
E_000002a99b614e50 .event posedge, v000002a99b6fe950_0;
L_000002a99b6235d0 .cmp/eq 2, v000002a99b6fe9f0_0, L_000002a99b675868;
L_000002a99b623b70 .reduce/nor v000002a99b623df0_0;
    .scope S_000002a99b6fe680;
T_0 ;
    %pushi/vec4 0, 0, 2;
    %store/vec4 v000002a99b622fe0_0, 0, 2;
    %end;
    .thread T_0;
    .scope S_000002a99b6fe680;
T_1 ;
    %wait E_000002a99b614e50;
    %load/vec4 v000002a99b623120_0;
    %flag_set/vec4 8;
    %jmp/0xz  T_1.0, 8;
    %pushi/vec4 0, 0, 2;
    %assign/vec4 v000002a99b6fe9f0_0, 0;
    %jmp T_1.1;
T_1.0 ;
    %load/vec4 v000002a99b622fe0_0;
    %assign/vec4 v000002a99b6fe9f0_0, 0;
T_1.1 ;
    %jmp T_1;
    .thread T_1;
    .scope S_000002a99b6fe680;
T_2 ;
    %wait E_000002a99b615090;
    %load/vec4 v000002a99b6fe9f0_0;
    %store/vec4 v000002a99b622fe0_0, 0, 2;
    %load/vec4 v000002a99b6fe9f0_0;
    %cmpi/e 0, 0, 2;
    %jmp/0xz  T_2.0, 4;
    %load/vec4 v000002a99b6fea90_0;
    %flag_set/vec4 8;
    %jmp/0xz  T_2.2, 8;
    %pushi/vec4 1, 0, 2;
    %store/vec4 v000002a99b622fe0_0, 0, 2;
    %jmp T_2.3;
T_2.2 ;
    %pushi/vec4 0, 0, 2;
    %store/vec4 v000002a99b622fe0_0, 0, 2;
T_2.3 ;
    %jmp T_2.1;
T_2.0 ;
    %load/vec4 v000002a99b6fe9f0_0;
    %cmpi/e 1, 0, 2;
    %jmp/0xz  T_2.4, 4;
    %load/vec4 v000002a99b6fea90_0;
    %flag_set/vec4 8;
    %jmp/0xz  T_2.6, 8;
    %pushi/vec4 0, 0, 2;
    %store/vec4 v000002a99b622fe0_0, 0, 2;
    %jmp T_2.7;
T_2.6 ;
    %pushi/vec4 2, 0, 2;
    %store/vec4 v000002a99b622fe0_0, 0, 2;
T_2.7 ;
    %jmp T_2.5;
T_2.4 ;
    %load/vec4 v000002a99b6fe9f0_0;
    %cmpi/e 2, 0, 2;
    %jmp/0xz  T_2.8, 4;
    %load/vec4 v000002a99b6fea90_0;
    %flag_set/vec4 8;
    %jmp/0xz  T_2.10, 8;
    %pushi/vec4 2, 0, 2;
    %store/vec4 v000002a99b622fe0_0, 0, 2;
    %jmp T_2.11;
T_2.10 ;
    %pushi/vec4 1, 0, 2;
    %store/vec4 v000002a99b622fe0_0, 0, 2;
T_2.11 ;
T_2.8 ;
T_2.5 ;
T_2.1 ;
    %jmp T_2;
    .thread T_2, $push;
    .scope S_000002a99b6fb940;
T_3 ;
    %pushi/vec4 1, 0, 1;
    %store/vec4 v000002a99b623df0_0, 0, 1;
    %pushi/vec4 0, 0, 1;
    %store/vec4 v000002a99b6231c0_0, 0, 1;
    %pushi/vec4 0, 0, 1;
    %store/vec4 v000002a99b623260_0, 0, 1;
    %delay 15, 0;
    %pushi/vec4 0, 0, 1;
    %store/vec4 v000002a99b623df0_0, 0, 1;
    %delay 10, 0;
    %pushi/vec4 1, 0, 1;
    %store/vec4 v000002a99b623260_0, 0, 1;
    %delay 10, 0;
    %pushi/vec4 0, 0, 1;
    %store/vec4 v000002a99b623260_0, 0, 1;
    %delay 10, 0;
    %pushi/vec4 1, 0, 1;
    %store/vec4 v000002a99b623260_0, 0, 1;
    %delay 10, 0;
    %pushi/vec4 0, 0, 1;
    %store/vec4 v000002a99b623260_0, 0, 1;
    %delay 10, 0;
    %pushi/vec4 0, 0, 1;
    %store/vec4 v000002a99b623260_0, 0, 1;
    %delay 10, 0;
    %pushi/vec4 0, 0, 1;
    %store/vec4 v000002a99b623260_0, 0, 1;
    %delay 10, 0;
    %pushi/vec4 1, 0, 1;
    %store/vec4 v000002a99b623260_0, 0, 1;
    %delay 10, 0;
    %pushi/vec4 0, 0, 1;
    %store/vec4 v000002a99b623260_0, 0, 1;
    %end;
    .thread T_3;
    .scope S_000002a99b6fb940;
T_4 ;
T_4.0 ;
    %delay 5, 0;
    %load/vec4 v000002a99b6231c0_0;
    %inv;
    %store/vec4 v000002a99b6231c0_0, 0, 1;
    %jmp T_4.0;
    %end;
    .thread T_4;
    .scope S_000002a99b6fb940;
T_5 ;
    %delay 400, 0;
    %vpi_call 2 73 "$finish" {0 0 0};
    %end;
    .thread T_5;
    .scope S_000002a99b6fb940;
T_6 ;
    %vpi_call 2 75 "$dumpfile", "is_mod3.vcd" {0 0 0};
    %vpi_call 2 76 "$dumpvars", 32'sb00000000000000000000000000000000, S_000002a99b6fb940 {0 0 0};
    %end;
    .thread T_6;
# The file index is used to find the file name in the following table.
:file_names 3;
    "N/A";
    "<interactive>";
    "is_mod3.v";
