#! /c/Source/iverilog-install/bin/vvp
:ivl_version "12.0 (devel)" "(s20150603-1110-g18392a46)";
:ivl_delay_selection "TYPICAL";
:vpi_time_precision + 0;
:vpi_module "C:\iverilog\lib\ivl\system.vpi";
:vpi_module "C:\iverilog\lib\ivl\vhdl_sys.vpi";
:vpi_module "C:\iverilog\lib\ivl\vhdl_textio.vpi";
:vpi_module "C:\iverilog\lib\ivl\v2005_math.vpi";
:vpi_module "C:\iverilog\lib\ivl\va_math.vpi";
S_0000020f8661bcf0 .scope module, "async_sync_reset_tb" "async_sync_reset_tb" 2 17;
 .timescale 0 0;
v0000020f8661cac0_0 .var "clk", 0 0;
v0000020f8661cb60_0 .var "in", 0 0;
v0000020f8661cc00_0 .net "out_async", 0 0, v0000020f86616d30_0;  1 drivers
v0000020f866b0850_0 .net "out_sync", 0 0, v0000020f8661c980_0;  1 drivers
v0000020f866b08f0_0 .var "rst", 0 0;
S_0000020f8661c7f0 .scope module, "uut" "async_sync_reset" 2 21, 2 1 0, S_0000020f8661bcf0;
 .timescale 0 0;
    .port_info 0 /INPUT 1 "clk";
    .port_info 1 /INPUT 1 "rst";
    .port_info 2 /INPUT 1 "in";
    .port_info 3 /OUTPUT 1 "out_sync";
    .port_info 4 /OUTPUT 1 "out_async";
v0000020f8661be80_0 .net "clk", 0 0, v0000020f8661cac0_0;  1 drivers
v0000020f8661bf20_0 .net "in", 0 0, v0000020f8661cb60_0;  1 drivers
v0000020f86616d30_0 .var "out_async", 0 0;
v0000020f8661c980_0 .var "out_sync", 0 0;
v0000020f8661ca20_0 .net "rst", 0 0, v0000020f866b08f0_0;  1 drivers
E_0000020f8661b2a0/0 .event negedge, v0000020f8661ca20_0;
E_0000020f8661b2a0/1 .event posedge, v0000020f8661be80_0;
E_0000020f8661b2a0 .event/or E_0000020f8661b2a0/0, E_0000020f8661b2a0/1;
E_0000020f8661b220 .event posedge, v0000020f8661be80_0;
    .scope S_0000020f8661c7f0;
T_0 ;
    %pushi/vec4 0, 0, 1;
    %store/vec4 v0000020f8661c980_0, 0, 1;
    %pushi/vec4 0, 0, 1;
    %store/vec4 v0000020f86616d30_0, 0, 1;
    %end;
    .thread T_0;
    .scope S_0000020f8661c7f0;
T_1 ;
    %wait E_0000020f8661b220;
    %load/vec4 v0000020f8661ca20_0;
    %nor/r;
    %flag_set/vec4 8;
    %jmp/0xz  T_1.0, 8;
    %pushi/vec4 0, 0, 1;
    %assign/vec4 v0000020f8661c980_0, 0;
    %jmp T_1.1;
T_1.0 ;
    %load/vec4 v0000020f8661bf20_0;
    %assign/vec4 v0000020f8661c980_0, 0;
T_1.1 ;
    %jmp T_1;
    .thread T_1;
    .scope S_0000020f8661c7f0;
T_2 ;
    %wait E_0000020f8661b2a0;
    %load/vec4 v0000020f8661ca20_0;
    %nor/r;
    %flag_set/vec4 8;
    %jmp/0xz  T_2.0, 8;
    %pushi/vec4 0, 0, 1;
    %assign/vec4 v0000020f86616d30_0, 0;
    %jmp T_2.1;
T_2.0 ;
    %load/vec4 v0000020f8661bf20_0;
    %assign/vec4 v0000020f86616d30_0, 0;
T_2.1 ;
    %jmp T_2;
    .thread T_2;
    .scope S_0000020f8661bcf0;
T_3 ;
    %pushi/vec4 0, 0, 1;
    %store/vec4 v0000020f8661cac0_0, 0, 1;
    %pushi/vec4 1, 0, 1;
    %store/vec4 v0000020f866b08f0_0, 0, 1;
    %pushi/vec4 0, 0, 1;
    %store/vec4 v0000020f8661cb60_0, 0, 1;
    %end;
    .thread T_3;
    .scope S_0000020f8661bcf0;
T_4 ;
    %delay 10, 0;
    %pushi/vec4 1, 0, 1;
    %store/vec4 v0000020f8661cb60_0, 0, 1;
    %delay 20, 0;
    %pushi/vec4 0, 0, 1;
    %store/vec4 v0000020f866b08f0_0, 0, 1;
    %delay 15, 0;
    %pushi/vec4 1, 0, 1;
    %store/vec4 v0000020f866b08f0_0, 0, 1;
    %end;
    .thread T_4;
    .scope S_0000020f8661bcf0;
T_5 ;
T_5.0 ;
    %delay 5, 0;
    %load/vec4 v0000020f8661cac0_0;
    %inv;
    %store/vec4 v0000020f8661cac0_0, 0, 1;
    %jmp T_5.0;
    %end;
    .thread T_5;
    .scope S_0000020f8661bcf0;
T_6 ;
    %delay 200, 0;
    %vpi_call 2 34 "$finish" {0 0 0};
    %end;
    .thread T_6;
    .scope S_0000020f8661bcf0;
T_7 ;
    %vpi_call 2 36 "$dumpfile", "async_sync_reset.vcd" {0 0 0};
    %vpi_call 2 37 "$dumpvars", 32'sb00000000000000000000000000000000, S_0000020f8661bcf0 {0 0 0};
    %end;
    .thread T_7;
# The file index is used to find the file name in the following table.
:file_names 3;
    "N/A";
    "<interactive>";
    "async_sync_reset.v";
